<?xml version="1.0" encoding="utf-8"?><testsuites name="pytest tests"><testsuite name="pytest" errors="0" failures="0" skipped="0" tests="89" time="27.177" timestamp="2025-12-01T14:43:46.472854+01:00" hostname="SV-34M-019.local"><testcase classname="tests.unit_tests.test_livecell_cosinor_analysis" name="test_constant_model_returns_mesor" time="0.002" /><testcase classname="tests.unit_tests.test_livecell_cosinor_analysis" name="test_cosine_model_implementations_match_formulas" time="0.001" /><testcase classname="tests.unit_tests.test_livecell_cosinor_analysis" name="test_sanitize_xy_enforces_minimum_points" time="0.001" /><testcase classname="tests.unit_tests.test_livecell_cosinor_analysis" name="test_fit_cosinor_24_returns_expected_structure[bioluminescence_example.csv]" time="0.043" /><testcase classname="tests.unit_tests.test_livecell_cosinor_analysis" name="test_fit_cosinor_free_period_period_within_bounds[bioluminescence_example.csv]" time="0.037" /><testcase classname="tests.unit_tests.test_livecell_cosinor_analysis" name="test_fit_cosinor_damped_returns_non_negative_damp[bioluminescence_example.csv]" time="0.016" /><testcase classname="tests.unit_tests.test_livecell_cosinor_analysis" name="test_get_cosinor_fits_invalid_method_raises[bioluminescence_example.csv]" time="0.001" /><testcase classname="tests.unit_tests.test_livecell_cosinor_analysis" name="test_fit_cosinor_exports_results[bioluminescence_example.csv]" time="3.268" /><testcase classname="tests.unit_tests.test_livecell_dataset" name="test_to_2d_f64_valid[bioluminescence_example.csv]" time="0.001" /><testcase classname="tests.unit_tests.test_livecell_dataset" name="test_check_columns_valid[bioluminescence_example.csv]" time="0.001" /><testcase classname="tests.unit_tests.test_livecell_dataset" name="test_get_group1_ids_replicates_data[bioluminescence_example.csv]" time="0.001" /><testcase classname="tests.unit_tests.test_livecell_dataset" name="test_get_group2_ids_replicates_data[bioluminescence_example.csv]" time="0.002" /><testcase classname="tests.unit_tests.test_livecell_dataset" name="test_linear_trend[bioluminescence_example.csv]" time="0.002" /><testcase classname="tests.unit_tests.test_livecell_dataset" name="test_poly2_trend[bioluminescence_example.csv]" time="0.001" /><testcase classname="tests.unit_tests.test_livecell_dataset" name="test_moving_average_trend[bioluminescence_example.csv]" time="0.002" /><testcase classname="tests.unit_tests.test_livecell_dataset" name="test_moving_average_trend_invalid_window[bioluminescence_example.csv]" time="0.001" /><testcase classname="tests.unit_tests.test_livecell_dataset" name="test_get_trend_methods[bioluminescence_example.csv-none]" time="0.001" /><testcase classname="tests.unit_tests.test_livecell_dataset" name="test_get_trend_methods[bioluminescence_example.csv-linear]" time="0.001" /><testcase classname="tests.unit_tests.test_livecell_dataset" name="test_get_trend_methods[bioluminescence_example.csv-poly2]" time="0.001" /><testcase classname="tests.unit_tests.test_livecell_dataset" name="test_get_trend_methods[bioluminescence_example.csv-moving_average]" time="0.001" /><testcase classname="tests.unit_tests.test_livecell_dataset" name="test_get_trend_invalid_method[bioluminescence_example.csv]" time="0.001" /><testcase classname="tests.unit_tests.test_livecell_dataset" name="test_plot_group_data[bioluminescence_example.csv-group1]" time="2.463" /><testcase classname="tests.unit_tests.test_livecell_dataset" name="test_plot_group_data[bioluminescence_example.csv-group2]" time="2.289" /><testcase classname="tests.unit_tests.test_livecell_dataset" name="test_plot_group_data_invalid_group[bioluminescence_example.csv]" time="0.001" /><testcase classname="tests.unit_tests.test_livecell_cosinor_analysis" name="test_fit_cosinor_24_returns_expected_structure[qpcr_example.csv]" time="0.017" /><testcase classname="tests.unit_tests.test_livecell_cosinor_analysis" name="test_fit_cosinor_free_period_period_within_bounds[qpcr_example.csv]" time="0.008" /><testcase classname="tests.unit_tests.test_livecell_cosinor_analysis" name="test_fit_cosinor_damped_returns_non_negative_damp[qpcr_example.csv]" time="0.012" /><testcase classname="tests.unit_tests.test_livecell_cosinor_analysis" name="test_get_cosinor_fits_invalid_method_raises[qpcr_example.csv]" time="0.001" /><testcase classname="tests.unit_tests.test_livecell_cosinor_analysis" name="test_fit_cosinor_exports_results[qpcr_example.csv]" time="0.900" /><testcase classname="tests.unit_tests.test_livecell_dataset" name="test_to_2d_f64_valid[qpcr_example.csv]" time="0.001" /><testcase classname="tests.unit_tests.test_livecell_dataset" name="test_check_columns_valid[qpcr_example.csv]" time="0.001" /><testcase classname="tests.unit_tests.test_livecell_dataset" name="test_get_group1_ids_replicates_data[qpcr_example.csv]" time="0.001" /><testcase classname="tests.unit_tests.test_livecell_dataset" name="test_get_group2_ids_replicates_data[qpcr_example.csv]" time="0.001" /><testcase classname="tests.unit_tests.test_livecell_dataset" name="test_linear_trend[qpcr_example.csv]" time="0.002" /><testcase classname="tests.unit_tests.test_livecell_dataset" name="test_poly2_trend[qpcr_example.csv]" time="0.001" /><testcase classname="tests.unit_tests.test_livecell_dataset" name="test_moving_average_trend[qpcr_example.csv]" time="0.001" /><testcase classname="tests.unit_tests.test_livecell_dataset" name="test_moving_average_trend_invalid_window[qpcr_example.csv]" time="0.001" /><testcase classname="tests.unit_tests.test_livecell_dataset" name="test_get_trend_methods[qpcr_example.csv-none]" time="0.001" /><testcase classname="tests.unit_tests.test_livecell_dataset" name="test_get_trend_methods[qpcr_example.csv-linear]" time="0.001" /><testcase classname="tests.unit_tests.test_livecell_dataset" name="test_get_trend_methods[qpcr_example.csv-poly2]" time="0.001" /><testcase classname="tests.unit_tests.test_livecell_dataset" name="test_get_trend_methods[qpcr_example.csv-moving_average]" time="0.001" /><testcase classname="tests.unit_tests.test_livecell_dataset" name="test_get_trend_invalid_method[qpcr_example.csv]" time="0.001" /><testcase classname="tests.unit_tests.test_livecell_dataset" name="test_plot_group_data[qpcr_example.csv-group1]" time="0.858" /><testcase classname="tests.unit_tests.test_livecell_dataset" name="test_plot_group_data[qpcr_example.csv-group2]" time="0.899" /><testcase classname="tests.unit_tests.test_livecell_dataset" name="test_plot_group_data_invalid_group[qpcr_example.csv]" time="0.001" /><testcase classname="tests.unit_tests.test_livecell_cosinor_analysis" name="test_fit_cosinor_24_returns_expected_structure[single_cell_example.csv]" time="0.020" /><testcase classname="tests.unit_tests.test_livecell_cosinor_analysis" name="test_fit_cosinor_free_period_period_within_bounds[single_cell_example.csv]" time="0.015" /><testcase classname="tests.unit_tests.test_livecell_cosinor_analysis" name="test_fit_cosinor_damped_returns_non_negative_damp[single_cell_example.csv]" time="0.031" /><testcase classname="tests.unit_tests.test_livecell_cosinor_analysis" name="test_get_cosinor_fits_invalid_method_raises[single_cell_example.csv]" time="0.001" /><testcase classname="tests.unit_tests.test_livecell_cosinor_analysis" name="test_fit_cosinor_exports_results[single_cell_example.csv]" time="5.049" /><testcase classname="tests.unit_tests.test_livecell_dataset" name="test_to_2d_f64_valid[single_cell_example.csv]" time="0.001" /><testcase classname="tests.unit_tests.test_livecell_dataset" name="test_check_columns_valid[single_cell_example.csv]" time="0.001" /><testcase classname="tests.unit_tests.test_livecell_dataset" name="test_get_group1_ids_replicates_data[single_cell_example.csv]" time="0.001" /><testcase classname="tests.unit_tests.test_livecell_dataset" name="test_get_group2_ids_replicates_data[single_cell_example.csv]" time="0.001" /><testcase classname="tests.unit_tests.test_livecell_dataset" name="test_linear_trend[single_cell_example.csv]" time="0.001" /><testcase classname="tests.unit_tests.test_livecell_dataset" name="test_poly2_trend[single_cell_example.csv]" time="0.001" /><testcase classname="tests.unit_tests.test_livecell_dataset" name="test_moving_average_trend[single_cell_example.csv]" time="0.002" /><testcase classname="tests.unit_tests.test_livecell_dataset" name="test_moving_average_trend_invalid_window[single_cell_example.csv]" time="0.001" /><testcase classname="tests.unit_tests.test_livecell_dataset" name="test_get_trend_methods[single_cell_example.csv-none]" time="0.001" /><testcase classname="tests.unit_tests.test_livecell_dataset" name="test_get_trend_methods[single_cell_example.csv-linear]" time="0.001" /><testcase classname="tests.unit_tests.test_livecell_dataset" name="test_get_trend_methods[single_cell_example.csv-poly2]" time="0.001" /><testcase classname="tests.unit_tests.test_livecell_dataset" name="test_get_trend_methods[single_cell_example.csv-moving_average]" time="0.001" /><testcase classname="tests.unit_tests.test_livecell_dataset" name="test_get_trend_invalid_method[single_cell_example.csv]" time="0.001" /><testcase classname="tests.unit_tests.test_livecell_dataset" name="test_plot_group_data[single_cell_example.csv-group1]" time="4.989" /><testcase classname="tests.unit_tests.test_livecell_dataset" name="test_plot_group_data[single_cell_example.csv-group2]" time="0.022" /><testcase classname="tests.unit_tests.test_livecell_dataset" name="test_plot_group_data_invalid_group[single_cell_example.csv]" time="0.001" /><testcase classname="tests.unit_tests.test_livecell_dataset" name="test_to_2d_f64_invalid" time="0.001" /><testcase classname="tests.unit_tests.test_livecell_dataset" name="test_check_columns_invalid" time="0.003" /><testcase classname="tests.unit_tests.test_omics_dataset" name="test_detected_timepoint_counts_cond1_matches_manual" time="0.020" /><testcase classname="tests.unit_tests.test_omics_dataset" name="test_detected_timepoint_counts_cond2_matches_manual" time="0.004" /><testcase classname="tests.unit_tests.test_omics_dataset" name="test_detected_timepoint_counts_invalid_condition" time="0.001" /><testcase classname="tests.unit_tests.test_omics_dataset" name="test_mean_expression_columns_initialised" time="0.004" /><testcase classname="tests.unit_tests.test_omics_dataset" name="test_number_detected_columns_initialised" time="0.004" /><testcase classname="tests.unit_tests.test_omics_dataset" name="test_expression_histogram_returns_two_panels" time="0.171" /><testcase classname="tests.unit_tests.test_omics_dataset" name="test_replicate_scatterplot_title_matches_correlations" time="0.092" /><testcase classname="tests.unit_tests.test_omics_differential_rhytmicity" name="test_phase_from_ab_returns_expected_hours" time="0.001" /><testcase classname="tests.unit_tests.test_omics_differential_rhytmicity" name="test_amp_from_ab_matches_euclidean_norm" time="0.001" /><testcase classname="tests.unit_tests.test_omics_differential_rhytmicity" name="test_bic_prefers_lower_log_likelihood_penalized" time="0.001" /><testcase classname="tests.unit_tests.test_omics_differential_rhytmicity" name="test_akaike_weights_are_normalized_and_ranked" time="0.001" /><testcase classname="tests.unit_tests.test_omics_differential_rhytmicity" name="test_weight_mapping_populates_model_columns" time="0.001" /><testcase classname="tests.unit_tests.test_omics_differential_rhytmicity" name="test_build_design_includes_all_expected_columns" time="0.009" /><testcase classname="tests.unit_tests.test_omics_differential_rhytmicity" name="test_build_design_cond1_only_contains_alpha_rows" time="0.003" /><testcase classname="tests.unit_tests.test_omics_differential_rhytmicity" name="test_build_design_cond2_only_contains_beta_rows" time="0.004" /><testcase classname="tests.unit_tests.test_omics_differential_rhytmicity" name="test_omics_heatmap_timepoint_means_shape" time="0.008" /><testcase classname="tests.unit_tests.test_omics_differential_rhytmicity" name="test_omics_heatmap_get_z_score_standardizes_rows" time="0.005" /><testcase classname="tests.unit_tests.test_omics_differential_rhytmicity" name="test_omics_heatmap_plot_heatmap_returns_figure" time="0.160" /><testcase classname="tests.unit_tests.test_omics_differential_rhytmicity" name="test_time_series_example_get_test_function_expressed_both" time="0.029" /><testcase classname="tests.unit_tests.test_omics_differential_rhytmicity" name="test_time_series_example_conditional_predictions" time="0.023" /><testcase classname="tests.unit_tests.test_omics_differential_rhytmicity" name="test_time_series_example_plot_time_series_missing_gene" time="0.006" /></testsuite></testsuites>