<?xml version="1.0" encoding="utf-8"?><testsuites name="pytest tests"><testsuite name="pytest" errors="0" failures="0" skipped="0" tests="7" time="0.525" timestamp="2025-07-10T11:28:53.533818+02:00" hostname="SV-34M-019.local"><testcase classname="tests.unit_tests.test_data_loading" name="test_sample_csv_exists" time="0.001" /><testcase classname="tests.unit_tests.test_data_loading" name="test_bioluminescence_csv_can_be_loaded" time="0.023" /><testcase classname="tests.unit_tests.test_states_info" name="test__is_city_capitol_of_state[Montgomery-Alabama-True]" time="0.001" /><testcase classname="tests.unit_tests.test_states_info" name="test__is_city_capitol_of_state[Oklahoma City-Oklahoma-True]" time="0.001" /><testcase classname="tests.unit_tests.test_states_info" name="test__is_city_capitol_of_state[Salem-Oregon-True]" time="0.001" /><testcase classname="tests.unit_tests.test_states_info" name="test__is_city_capitol_of_state[Salt Lake City-Alabama-False]" time="0.001" /><testcase classname="tests.unit_tests.test_states_info" name="test__slow_add" time="0.001" /></testsuite></testsuites>